<?xml version="1.0" encoding="UTF-8"?>
<testsuite name="RnaTranscriptionTest" tests="1" skipped="0" failures="0" errors="0" timestamp="2019-11-08T22:13:19" hostname="D25VT0SHJ1GQIM" time="0.002">
  <properties/>
  <testcase name="testRnaTranscription" classname="RnaTranscriptionTest" time="0.002"/>
  <system-out><![CDATA[]]></system-out>
  <system-err><![CDATA[]]></system-err>
</testsuite>
